2020-02-23 02:48:39,013 1331698 [en of hibernate] WARN  ate.util.xpl.DTDEntityResolver  - recognized obsolete hibernate namespace http://hibernate.sourceforge.net/. Use namespace http://www.hibernate.org/dtd/ instead. Refer to Hibernate 3.6 Migration Guide!
2020-02-23 02:48:39,256 1331941 [en of hibernate] WARN  ate.util.xpl.DTDEntityResolver  - recognized obsolete hibernate namespace http://hibernate.sourceforge.net/. Use namespace http://www.hibernate.org/dtd/ instead. Refer to Hibernate 3.6 Migration Guide!
2020-02-23 02:48:39,271 1331956 [en of hibernate] WARN  ate.util.xpl.DTDEntityResolver  - recognized obsolete hibernate namespace http://hibernate.sourceforge.net/. Use namespace http://www.hibernate.org/dtd/ instead. Refer to Hibernate 3.6 Migration Guide!
2020-02-23 02:48:39,300 1331985 [en of hibernate] WARN  ate.util.xpl.DTDEntityResolver  - recognized obsolete hibernate namespace http://hibernate.sourceforge.net/. Use namespace http://www.hibernate.org/dtd/ instead. Refer to Hibernate 3.6 Migration Guide!
2020-02-23 02:48:39,313 1331998 [en of hibernate] WARN  ate.util.xpl.DTDEntityResolver  - recognized obsolete hibernate namespace http://hibernate.sourceforge.net/. Use namespace http://www.hibernate.org/dtd/ instead. Refer to Hibernate 3.6 Migration Guide!
2020-02-23 02:48:39,332 1332017 [en of hibernate] WARN  ate.util.xpl.DTDEntityResolver  - recognized obsolete hibernate namespace http://hibernate.sourceforge.net/. Use namespace http://www.hibernate.org/dtd/ instead. Refer to Hibernate 3.6 Migration Guide!
2020-02-23 02:48:39,347 1332032 [en of hibernate] WARN  ate.util.xpl.DTDEntityResolver  - recognized obsolete hibernate namespace http://hibernate.sourceforge.net/. Use namespace http://www.hibernate.org/dtd/ instead. Refer to Hibernate 3.6 Migration Guide!
2020-02-23 02:48:39,367 1332052 [en of hibernate] WARN  ate.util.xpl.DTDEntityResolver  - recognized obsolete hibernate namespace http://hibernate.sourceforge.net/. Use namespace http://www.hibernate.org/dtd/ instead. Refer to Hibernate 3.6 Migration Guide!
2020-02-23 02:48:39,378 1332063 [en of hibernate] WARN  ate.util.xpl.DTDEntityResolver  - recognized obsolete hibernate namespace http://hibernate.sourceforge.net/. Use namespace http://www.hibernate.org/dtd/ instead. Refer to Hibernate 3.6 Migration Guide!
2020-02-23 02:48:39,724 1332409 [en of hibernate] WARN  ate.util.xpl.DTDEntityResolver  - recognized obsolete hibernate namespace http://hibernate.sourceforge.net/. Use namespace http://www.hibernate.org/dtd/ instead. Refer to Hibernate 3.6 Migration Guide!
2020-02-23 02:48:39,755 1332440 [en of hibernate] WARN  ate.util.xpl.DTDEntityResolver  - recognized obsolete hibernate namespace http://hibernate.sourceforge.net/. Use namespace http://www.hibernate.org/dtd/ instead. Refer to Hibernate 3.6 Migration Guide!
2020-02-23 02:48:39,777 1332462 [en of hibernate] WARN  ate.util.xpl.DTDEntityResolver  - recognized obsolete hibernate namespace http://hibernate.sourceforge.net/. Use namespace http://www.hibernate.org/dtd/ instead. Refer to Hibernate 3.6 Migration Guide!
2020-02-23 02:48:39,795 1332480 [en of hibernate] WARN  ate.util.xpl.DTDEntityResolver  - recognized obsolete hibernate namespace http://hibernate.sourceforge.net/. Use namespace http://www.hibernate.org/dtd/ instead. Refer to Hibernate 3.6 Migration Guide!
2020-02-23 02:48:39,809 1332494 [en of hibernate] WARN  ate.util.xpl.DTDEntityResolver  - recognized obsolete hibernate namespace http://hibernate.sourceforge.net/. Use namespace http://www.hibernate.org/dtd/ instead. Refer to Hibernate 3.6 Migration Guide!
2020-02-23 02:48:39,820 1332505 [en of hibernate] WARN  ate.util.xpl.DTDEntityResolver  - recognized obsolete hibernate namespace http://hibernate.sourceforge.net/. Use namespace http://www.hibernate.org/dtd/ instead. Refer to Hibernate 3.6 Migration Guide!
2020-02-23 02:48:39,835 1332520 [en of hibernate] WARN  ate.util.xpl.DTDEntityResolver  - recognized obsolete hibernate namespace http://hibernate.sourceforge.net/. Use namespace http://www.hibernate.org/dtd/ instead. Refer to Hibernate 3.6 Migration Guide!
2020-02-23 02:48:39,843 1332528 [en of hibernate] WARN  ate.util.xpl.DTDEntityResolver  - recognized obsolete hibernate namespace http://hibernate.sourceforge.net/. Use namespace http://www.hibernate.org/dtd/ instead. Refer to Hibernate 3.6 Migration Guide!
2020-02-23 02:48:39,856 1332541 [en of hibernate] WARN  ate.util.xpl.DTDEntityResolver  - recognized obsolete hibernate namespace http://hibernate.sourceforge.net/. Use namespace http://www.hibernate.org/dtd/ instead. Refer to Hibernate 3.6 Migration Guide!
2020-02-23 02:48:40,326 1333011 [en of hibernate] WARN  ate.util.xpl.DTDEntityResolver  - recognized obsolete hibernate namespace http://hibernate.sourceforge.net/. Use namespace http://www.hibernate.org/dtd/ instead. Refer to Hibernate 3.6 Migration Guide!
2020-02-23 02:48:40,354 1333039 [en of hibernate] WARN  ate.util.xpl.DTDEntityResolver  - recognized obsolete hibernate namespace http://hibernate.sourceforge.net/. Use namespace http://www.hibernate.org/dtd/ instead. Refer to Hibernate 3.6 Migration Guide!
2020-02-23 02:48:40,374 1333059 [en of hibernate] WARN  ate.util.xpl.DTDEntityResolver  - recognized obsolete hibernate namespace http://hibernate.sourceforge.net/. Use namespace http://www.hibernate.org/dtd/ instead. Refer to Hibernate 3.6 Migration Guide!
2020-02-23 02:48:40,389 1333074 [en of hibernate] WARN  ate.util.xpl.DTDEntityResolver  - recognized obsolete hibernate namespace http://hibernate.sourceforge.net/. Use namespace http://www.hibernate.org/dtd/ instead. Refer to Hibernate 3.6 Migration Guide!
2020-02-23 02:48:40,401 1333086 [en of hibernate] WARN  ate.util.xpl.DTDEntityResolver  - recognized obsolete hibernate namespace http://hibernate.sourceforge.net/. Use namespace http://www.hibernate.org/dtd/ instead. Refer to Hibernate 3.6 Migration Guide!
2020-02-23 02:48:40,418 1333103 [en of hibernate] WARN  ate.util.xpl.DTDEntityResolver  - recognized obsolete hibernate namespace http://hibernate.sourceforge.net/. Use namespace http://www.hibernate.org/dtd/ instead. Refer to Hibernate 3.6 Migration Guide!
2020-02-23 02:48:40,429 1333114 [en of hibernate] WARN  ate.util.xpl.DTDEntityResolver  - recognized obsolete hibernate namespace http://hibernate.sourceforge.net/. Use namespace http://www.hibernate.org/dtd/ instead. Refer to Hibernate 3.6 Migration Guide!
2020-02-23 02:48:40,439 1333124 [en of hibernate] WARN  ate.util.xpl.DTDEntityResolver  - recognized obsolete hibernate namespace http://hibernate.sourceforge.net/. Use namespace http://www.hibernate.org/dtd/ instead. Refer to Hibernate 3.6 Migration Guide!
2020-02-23 02:48:40,451 1333136 [en of hibernate] WARN  ate.util.xpl.DTDEntityResolver  - recognized obsolete hibernate namespace http://hibernate.sourceforge.net/. Use namespace http://www.hibernate.org/dtd/ instead. Refer to Hibernate 3.6 Migration Guide!
2020-02-23 02:48:40,727 1333412 [en of hibernate] WARN  ate.util.xpl.DTDEntityResolver  - recognized obsolete hibernate namespace http://hibernate.sourceforge.net/. Use namespace http://www.hibernate.org/dtd/ instead. Refer to Hibernate 3.6 Migration Guide!
2020-02-23 02:48:40,757 1333442 [en of hibernate] WARN  ate.util.xpl.DTDEntityResolver  - recognized obsolete hibernate namespace http://hibernate.sourceforge.net/. Use namespace http://www.hibernate.org/dtd/ instead. Refer to Hibernate 3.6 Migration Guide!
2020-02-23 02:48:40,780 1333465 [en of hibernate] WARN  ate.util.xpl.DTDEntityResolver  - recognized obsolete hibernate namespace http://hibernate.sourceforge.net/. Use namespace http://www.hibernate.org/dtd/ instead. Refer to Hibernate 3.6 Migration Guide!
2020-02-23 02:48:40,795 1333480 [en of hibernate] WARN  ate.util.xpl.DTDEntityResolver  - recognized obsolete hibernate namespace http://hibernate.sourceforge.net/. Use namespace http://www.hibernate.org/dtd/ instead. Refer to Hibernate 3.6 Migration Guide!
2020-02-23 02:48:40,808 1333493 [en of hibernate] WARN  ate.util.xpl.DTDEntityResolver  - recognized obsolete hibernate namespace http://hibernate.sourceforge.net/. Use namespace http://www.hibernate.org/dtd/ instead. Refer to Hibernate 3.6 Migration Guide!
2020-02-23 02:48:40,821 1333506 [en of hibernate] WARN  ate.util.xpl.DTDEntityResolver  - recognized obsolete hibernate namespace http://hibernate.sourceforge.net/. Use namespace http://www.hibernate.org/dtd/ instead. Refer to Hibernate 3.6 Migration Guide!
2020-02-23 02:48:40,834 1333519 [en of hibernate] WARN  ate.util.xpl.DTDEntityResolver  - recognized obsolete hibernate namespace http://hibernate.sourceforge.net/. Use namespace http://www.hibernate.org/dtd/ instead. Refer to Hibernate 3.6 Migration Guide!
2020-02-23 02:48:40,843 1333528 [en of hibernate] WARN  ate.util.xpl.DTDEntityResolver  - recognized obsolete hibernate namespace http://hibernate.sourceforge.net/. Use namespace http://www.hibernate.org/dtd/ instead. Refer to Hibernate 3.6 Migration Guide!
2020-02-23 02:48:40,856 1333541 [en of hibernate] WARN  ate.util.xpl.DTDEntityResolver  - recognized obsolete hibernate namespace http://hibernate.sourceforge.net/. Use namespace http://www.hibernate.org/dtd/ instead. Refer to Hibernate 3.6 Migration Guide!
2020-02-23 02:48:57,240 1349925 [en of hibernate] WARN  ate.util.xpl.DTDEntityResolver  - recognized obsolete hibernate namespace http://hibernate.sourceforge.net/. Use namespace http://www.hibernate.org/dtd/ instead. Refer to Hibernate 3.6 Migration Guide!
2020-02-23 02:48:57,267 1349952 [en of hibernate] WARN  ate.util.xpl.DTDEntityResolver  - recognized obsolete hibernate namespace http://hibernate.sourceforge.net/. Use namespace http://www.hibernate.org/dtd/ instead. Refer to Hibernate 3.6 Migration Guide!
2020-02-23 02:48:57,286 1349971 [en of hibernate] WARN  ate.util.xpl.DTDEntityResolver  - recognized obsolete hibernate namespace http://hibernate.sourceforge.net/. Use namespace http://www.hibernate.org/dtd/ instead. Refer to Hibernate 3.6 Migration Guide!
2020-02-23 02:48:57,303 1349988 [en of hibernate] WARN  ate.util.xpl.DTDEntityResolver  - recognized obsolete hibernate namespace http://hibernate.sourceforge.net/. Use namespace http://www.hibernate.org/dtd/ instead. Refer to Hibernate 3.6 Migration Guide!
2020-02-23 02:48:57,315 1350000 [en of hibernate] WARN  ate.util.xpl.DTDEntityResolver  - recognized obsolete hibernate namespace http://hibernate.sourceforge.net/. Use namespace http://www.hibernate.org/dtd/ instead. Refer to Hibernate 3.6 Migration Guide!
2020-02-23 02:48:57,326 1350011 [en of hibernate] WARN  ate.util.xpl.DTDEntityResolver  - recognized obsolete hibernate namespace http://hibernate.sourceforge.net/. Use namespace http://www.hibernate.org/dtd/ instead. Refer to Hibernate 3.6 Migration Guide!
2020-02-23 02:48:57,339 1350024 [en of hibernate] WARN  ate.util.xpl.DTDEntityResolver  - recognized obsolete hibernate namespace http://hibernate.sourceforge.net/. Use namespace http://www.hibernate.org/dtd/ instead. Refer to Hibernate 3.6 Migration Guide!
2020-02-23 02:48:57,350 1350035 [en of hibernate] WARN  ate.util.xpl.DTDEntityResolver  - recognized obsolete hibernate namespace http://hibernate.sourceforge.net/. Use namespace http://www.hibernate.org/dtd/ instead. Refer to Hibernate 3.6 Migration Guide!
2020-02-23 02:48:57,363 1350048 [en of hibernate] WARN  ate.util.xpl.DTDEntityResolver  - recognized obsolete hibernate namespace http://hibernate.sourceforge.net/. Use namespace http://www.hibernate.org/dtd/ instead. Refer to Hibernate 3.6 Migration Guide!
2020-02-23 02:48:57,618 1350303 [en of hibernate] WARN  ate.util.xpl.DTDEntityResolver  - recognized obsolete hibernate namespace http://hibernate.sourceforge.net/. Use namespace http://www.hibernate.org/dtd/ instead. Refer to Hibernate 3.6 Migration Guide!
2020-02-23 02:48:57,644 1350329 [en of hibernate] WARN  ate.util.xpl.DTDEntityResolver  - recognized obsolete hibernate namespace http://hibernate.sourceforge.net/. Use namespace http://www.hibernate.org/dtd/ instead. Refer to Hibernate 3.6 Migration Guide!
2020-02-23 02:48:57,662 1350347 [en of hibernate] WARN  ate.util.xpl.DTDEntityResolver  - recognized obsolete hibernate namespace http://hibernate.sourceforge.net/. Use namespace http://www.hibernate.org/dtd/ instead. Refer to Hibernate 3.6 Migration Guide!
2020-02-23 02:48:57,677 1350362 [en of hibernate] WARN  ate.util.xpl.DTDEntityResolver  - recognized obsolete hibernate namespace http://hibernate.sourceforge.net/. Use namespace http://www.hibernate.org/dtd/ instead. Refer to Hibernate 3.6 Migration Guide!
2020-02-23 02:48:57,690 1350375 [en of hibernate] WARN  ate.util.xpl.DTDEntityResolver  - recognized obsolete hibernate namespace http://hibernate.sourceforge.net/. Use namespace http://www.hibernate.org/dtd/ instead. Refer to Hibernate 3.6 Migration Guide!
2020-02-23 02:48:57,702 1350387 [en of hibernate] WARN  ate.util.xpl.DTDEntityResolver  - recognized obsolete hibernate namespace http://hibernate.sourceforge.net/. Use namespace http://www.hibernate.org/dtd/ instead. Refer to Hibernate 3.6 Migration Guide!
2020-02-23 02:48:57,715 1350400 [en of hibernate] WARN  ate.util.xpl.DTDEntityResolver  - recognized obsolete hibernate namespace http://hibernate.sourceforge.net/. Use namespace http://www.hibernate.org/dtd/ instead. Refer to Hibernate 3.6 Migration Guide!
2020-02-23 02:48:57,726 1350411 [en of hibernate] WARN  ate.util.xpl.DTDEntityResolver  - recognized obsolete hibernate namespace http://hibernate.sourceforge.net/. Use namespace http://www.hibernate.org/dtd/ instead. Refer to Hibernate 3.6 Migration Guide!
2020-02-23 02:48:57,739 1350424 [en of hibernate] WARN  ate.util.xpl.DTDEntityResolver  - recognized obsolete hibernate namespace http://hibernate.sourceforge.net/. Use namespace http://www.hibernate.org/dtd/ instead. Refer to Hibernate 3.6 Migration Guide!
2020-02-23 03:08:59,093 2551778 [ndex::zip:0.0.0] WARN  menders.models.ModelRepository  - Failed to download org.eclipse.recommenders:index::zip:0.0.0
org.eclipse.aether.resolution.ArtifactResolutionException: Could not find artifact org.eclipse.recommenders:index:zip:0.0.0-SNAPSHOT in models (http://download.eclipse.org/recommenders/models/photon/)
	at org.eclipse.aether.internal.impl.DefaultArtifactResolver.resolve(DefaultArtifactResolver.java:453)
	at org.eclipse.aether.internal.impl.DefaultArtifactResolver.resolveArtifacts(DefaultArtifactResolver.java:255)
	at org.eclipse.aether.internal.impl.DefaultArtifactResolver.resolveArtifact(DefaultArtifactResolver.java:232)
	at org.eclipse.aether.internal.impl.DefaultRepositorySystem.resolveArtifact(DefaultRepositorySystem.java:303)
	at org.eclipse.recommenders.models.ModelRepository.resolveInternal(ModelRepository.java:193)
	at org.eclipse.recommenders.models.ModelRepository.resolve(ModelRepository.java:172)
	at org.eclipse.recommenders.internal.models.rcp.EclipseModelRepository.resolve(EclipseModelRepository.java:168)
	at org.eclipse.recommenders.internal.models.rcp.DownloadModelArchiveJob.run(DownloadModelArchiveJob.java:76)
	at org.eclipse.core.internal.jobs.Worker.run(Worker.java:63)
Caused by: org.eclipse.aether.transfer.ArtifactNotFoundException: Could not find artifact org.eclipse.recommenders:index:zip:0.0.0-SNAPSHOT in models (http://download.eclipse.org/recommenders/models/photon/)
	at org.eclipse.aether.connector.basic.ArtifactTransportListener.transferFailed(ArtifactTransportListener.java:48)
	at org.eclipse.aether.connector.basic.BasicRepositoryConnector$TaskRunner.run(BasicRepositoryConnector.java:364)
	at org.eclipse.aether.util.concurrency.RunnableErrorForwarder$1.run(RunnableErrorForwarder.java:76)
	at org.eclipse.aether.connector.basic.BasicRepositoryConnector$DirectExecutor.execute(BasicRepositoryConnector.java:590)
	at org.eclipse.aether.connector.basic.BasicRepositoryConnector.get(BasicRepositoryConnector.java:258)
	at org.eclipse.aether.internal.impl.DefaultArtifactResolver.performDownloads(DefaultArtifactResolver.java:529)
	at org.eclipse.aether.internal.impl.DefaultArtifactResolver.resolve(DefaultArtifactResolver.java:430)
	... 8 more
2020-02-25 12:08:32,656 2      [ndex::zip:0.0.0] WARN  menders.models.ModelRepository  - Failed to download org.eclipse.recommenders:index::zip:0.0.0
org.eclipse.aether.resolution.ArtifactResolutionException: Could not find artifact org.eclipse.recommenders:index:zip:0.0.0-SNAPSHOT in models (http://download.eclipse.org/recommenders/models/photon/)
	at org.eclipse.aether.internal.impl.DefaultArtifactResolver.resolve(DefaultArtifactResolver.java:453)
	at org.eclipse.aether.internal.impl.DefaultArtifactResolver.resolveArtifacts(DefaultArtifactResolver.java:255)
	at org.eclipse.aether.internal.impl.DefaultArtifactResolver.resolveArtifact(DefaultArtifactResolver.java:232)
	at org.eclipse.aether.internal.impl.DefaultRepositorySystem.resolveArtifact(DefaultRepositorySystem.java:303)
	at org.eclipse.recommenders.models.ModelRepository.resolveInternal(ModelRepository.java:193)
	at org.eclipse.recommenders.models.ModelRepository.resolve(ModelRepository.java:172)
	at org.eclipse.recommenders.internal.models.rcp.EclipseModelRepository.resolve(EclipseModelRepository.java:168)
	at org.eclipse.recommenders.internal.models.rcp.DownloadModelArchiveJob.run(DownloadModelArchiveJob.java:76)
	at org.eclipse.core.internal.jobs.Worker.run(Worker.java:63)
Caused by: org.eclipse.aether.transfer.ArtifactNotFoundException: Could not find artifact org.eclipse.recommenders:index:zip:0.0.0-SNAPSHOT in models (http://download.eclipse.org/recommenders/models/photon/)
	at org.eclipse.aether.connector.basic.ArtifactTransportListener.transferFailed(ArtifactTransportListener.java:48)
	at org.eclipse.aether.connector.basic.BasicRepositoryConnector$TaskRunner.run(BasicRepositoryConnector.java:364)
	at org.eclipse.aether.util.concurrency.RunnableErrorForwarder$1.run(RunnableErrorForwarder.java:76)
	at org.eclipse.aether.connector.basic.BasicRepositoryConnector$DirectExecutor.execute(BasicRepositoryConnector.java:590)
	at org.eclipse.aether.connector.basic.BasicRepositoryConnector.get(BasicRepositoryConnector.java:258)
	at org.eclipse.aether.internal.impl.DefaultArtifactResolver.performDownloads(DefaultArtifactResolver.java:529)
	at org.eclipse.aether.internal.impl.DefaultArtifactResolver.resolve(DefaultArtifactResolver.java:430)
	... 8 more
2020-03-02 17:30:30,325 3927823 [ndex::zip:0.0.0] WARN  menders.models.ModelRepository  - Failed to download org.eclipse.recommenders:index::zip:0.0.0
org.eclipse.aether.resolution.ArtifactResolutionException: Could not find artifact org.eclipse.recommenders:index:zip:0.0.0-SNAPSHOT in models (http://download.eclipse.org/recommenders/models/photon/)
	at org.eclipse.aether.internal.impl.DefaultArtifactResolver.resolve(DefaultArtifactResolver.java:453)
	at org.eclipse.aether.internal.impl.DefaultArtifactResolver.resolveArtifacts(DefaultArtifactResolver.java:255)
	at org.eclipse.aether.internal.impl.DefaultArtifactResolver.resolveArtifact(DefaultArtifactResolver.java:232)
	at org.eclipse.aether.internal.impl.DefaultRepositorySystem.resolveArtifact(DefaultRepositorySystem.java:303)
	at org.eclipse.recommenders.models.ModelRepository.resolveInternal(ModelRepository.java:193)
	at org.eclipse.recommenders.models.ModelRepository.resolve(ModelRepository.java:172)
	at org.eclipse.recommenders.internal.models.rcp.EclipseModelRepository.resolve(EclipseModelRepository.java:168)
	at org.eclipse.recommenders.internal.models.rcp.DownloadModelArchiveJob.run(DownloadModelArchiveJob.java:76)
	at org.eclipse.core.internal.jobs.Worker.run(Worker.java:63)
Caused by: org.eclipse.aether.transfer.ArtifactNotFoundException: Could not find artifact org.eclipse.recommenders:index:zip:0.0.0-SNAPSHOT in models (http://download.eclipse.org/recommenders/models/photon/)
	at org.eclipse.aether.connector.basic.ArtifactTransportListener.transferFailed(ArtifactTransportListener.java:48)
	at org.eclipse.aether.connector.basic.BasicRepositoryConnector$TaskRunner.run(BasicRepositoryConnector.java:364)
	at org.eclipse.aether.util.concurrency.RunnableErrorForwarder$1.run(RunnableErrorForwarder.java:76)
	at org.eclipse.aether.connector.basic.BasicRepositoryConnector$DirectExecutor.execute(BasicRepositoryConnector.java:590)
	at org.eclipse.aether.connector.basic.BasicRepositoryConnector.get(BasicRepositoryConnector.java:258)
	at org.eclipse.aether.internal.impl.DefaultArtifactResolver.performDownloads(DefaultArtifactResolver.java:529)
	at org.eclipse.aether.internal.impl.DefaultArtifactResolver.resolve(DefaultArtifactResolver.java:430)
	... 8 more
2020-03-04 17:45:07,722 2179260 [en of hibernate] WARN  ate.util.xpl.DTDEntityResolver  - recognized obsolete hibernate namespace http://hibernate.sourceforge.net/. Use namespace http://www.hibernate.org/dtd/ instead. Refer to Hibernate 3.6 Migration Guide!
2020-03-04 17:45:13,505 2185043 [en of hibernate] WARN  ate.util.xpl.DTDEntityResolver  - recognized obsolete hibernate namespace http://hibernate.sourceforge.net/. Use namespace http://www.hibernate.org/dtd/ instead. Refer to Hibernate 3.6 Migration Guide!
2020-03-04 17:45:13,546 2185084 [en of hibernate] WARN  ate.util.xpl.DTDEntityResolver  - recognized obsolete hibernate namespace http://hibernate.sourceforge.net/. Use namespace http://www.hibernate.org/dtd/ instead. Refer to Hibernate 3.6 Migration Guide!
2020-03-04 17:45:13,579 2185117 [en of hibernate] WARN  ate.util.xpl.DTDEntityResolver  - recognized obsolete hibernate namespace http://hibernate.sourceforge.net/. Use namespace http://www.hibernate.org/dtd/ instead. Refer to Hibernate 3.6 Migration Guide!
2020-03-04 17:45:13,648 2185186 [en of hibernate] WARN  ate.util.xpl.DTDEntityResolver  - recognized obsolete hibernate namespace http://hibernate.sourceforge.net/. Use namespace http://www.hibernate.org/dtd/ instead. Refer to Hibernate 3.6 Migration Guide!
2020-03-04 17:45:13,671 2185209 [en of hibernate] WARN  ate.util.xpl.DTDEntityResolver  - recognized obsolete hibernate namespace http://hibernate.sourceforge.net/. Use namespace http://www.hibernate.org/dtd/ instead. Refer to Hibernate 3.6 Migration Guide!
2020-03-04 17:45:13,693 2185231 [en of hibernate] WARN  ate.util.xpl.DTDEntityResolver  - recognized obsolete hibernate namespace http://hibernate.sourceforge.net/. Use namespace http://www.hibernate.org/dtd/ instead. Refer to Hibernate 3.6 Migration Guide!
2020-03-04 17:45:13,717 2185255 [en of hibernate] WARN  ate.util.xpl.DTDEntityResolver  - recognized obsolete hibernate namespace http://hibernate.sourceforge.net/. Use namespace http://www.hibernate.org/dtd/ instead. Refer to Hibernate 3.6 Migration Guide!
2020-03-04 17:45:13,730 2185268 [en of hibernate] WARN  ate.util.xpl.DTDEntityResolver  - recognized obsolete hibernate namespace http://hibernate.sourceforge.net/. Use namespace http://www.hibernate.org/dtd/ instead. Refer to Hibernate 3.6 Migration Guide!
2020-03-04 17:45:13,741 2185279 [en of hibernate] WARN  ate.util.xpl.DTDEntityResolver  - recognized obsolete hibernate namespace http://hibernate.sourceforge.net/. Use namespace http://www.hibernate.org/dtd/ instead. Refer to Hibernate 3.6 Migration Guide!
2020-03-04 17:45:13,754 2185292 [en of hibernate] WARN  ate.util.xpl.DTDEntityResolver  - recognized obsolete hibernate namespace http://hibernate.sourceforge.net/. Use namespace http://www.hibernate.org/dtd/ instead. Refer to Hibernate 3.6 Migration Guide!
2020-03-04 17:45:13,764 2185302 [en of hibernate] WARN  ate.util.xpl.DTDEntityResolver  - recognized obsolete hibernate namespace http://hibernate.sourceforge.net/. Use namespace http://www.hibernate.org/dtd/ instead. Refer to Hibernate 3.6 Migration Guide!
2020-03-04 17:45:13,775 2185313 [en of hibernate] WARN  ate.util.xpl.DTDEntityResolver  - recognized obsolete hibernate namespace http://hibernate.sourceforge.net/. Use namespace http://www.hibernate.org/dtd/ instead. Refer to Hibernate 3.6 Migration Guide!
2020-03-04 17:45:14,568 2186106 [en of hibernate] WARN  ate.util.xpl.DTDEntityResolver  - recognized obsolete hibernate namespace http://hibernate.sourceforge.net/. Use namespace http://www.hibernate.org/dtd/ instead. Refer to Hibernate 3.6 Migration Guide!
2020-03-04 17:45:14,597 2186135 [en of hibernate] WARN  ate.util.xpl.DTDEntityResolver  - recognized obsolete hibernate namespace http://hibernate.sourceforge.net/. Use namespace http://www.hibernate.org/dtd/ instead. Refer to Hibernate 3.6 Migration Guide!
2020-03-04 17:45:14,637 2186175 [en of hibernate] WARN  ate.util.xpl.DTDEntityResolver  - recognized obsolete hibernate namespace http://hibernate.sourceforge.net/. Use namespace http://www.hibernate.org/dtd/ instead. Refer to Hibernate 3.6 Migration Guide!
2020-03-04 17:45:14,683 2186221 [en of hibernate] WARN  ate.util.xpl.DTDEntityResolver  - recognized obsolete hibernate namespace http://hibernate.sourceforge.net/. Use namespace http://www.hibernate.org/dtd/ instead. Refer to Hibernate 3.6 Migration Guide!
2020-03-04 17:45:14,684 2186222 [en of hibernate] WARN  ate.util.xpl.DTDEntityResolver  - recognized obsolete hibernate namespace http://hibernate.sourceforge.net/. Use namespace http://www.hibernate.org/dtd/ instead. Refer to Hibernate 3.6 Migration Guide!
2020-03-04 17:45:14,737 2186275 [en of hibernate] WARN  ate.util.xpl.DTDEntityResolver  - recognized obsolete hibernate namespace http://hibernate.sourceforge.net/. Use namespace http://www.hibernate.org/dtd/ instead. Refer to Hibernate 3.6 Migration Guide!
2020-03-04 17:45:14,761 2186299 [en of hibernate] WARN  ate.util.xpl.DTDEntityResolver  - recognized obsolete hibernate namespace http://hibernate.sourceforge.net/. Use namespace http://www.hibernate.org/dtd/ instead. Refer to Hibernate 3.6 Migration Guide!
2020-03-04 17:45:14,782 2186320 [en of hibernate] WARN  ate.util.xpl.DTDEntityResolver  - recognized obsolete hibernate namespace http://hibernate.sourceforge.net/. Use namespace http://www.hibernate.org/dtd/ instead. Refer to Hibernate 3.6 Migration Guide!
2020-03-04 17:45:14,799 2186337 [en of hibernate] WARN  ate.util.xpl.DTDEntityResolver  - recognized obsolete hibernate namespace http://hibernate.sourceforge.net/. Use namespace http://www.hibernate.org/dtd/ instead. Refer to Hibernate 3.6 Migration Guide!
2020-03-04 17:45:14,804 2186342 [en of hibernate] WARN  ate.util.xpl.DTDEntityResolver  - recognized obsolete hibernate namespace http://hibernate.sourceforge.net/. Use namespace http://www.hibernate.org/dtd/ instead. Refer to Hibernate 3.6 Migration Guide!
2020-03-04 17:45:14,834 2186372 [en of hibernate] WARN  ate.util.xpl.DTDEntityResolver  - recognized obsolete hibernate namespace http://hibernate.sourceforge.net/. Use namespace http://www.hibernate.org/dtd/ instead. Refer to Hibernate 3.6 Migration Guide!
2020-03-04 17:45:14,840 2186378 [en of hibernate] WARN  ate.util.xpl.DTDEntityResolver  - recognized obsolete hibernate namespace http://hibernate.sourceforge.net/. Use namespace http://www.hibernate.org/dtd/ instead. Refer to Hibernate 3.6 Migration Guide!
2020-03-04 17:45:14,859 2186397 [en of hibernate] WARN  ate.util.xpl.DTDEntityResolver  - recognized obsolete hibernate namespace http://hibernate.sourceforge.net/. Use namespace http://www.hibernate.org/dtd/ instead. Refer to Hibernate 3.6 Migration Guide!
2020-03-04 17:45:14,881 2186419 [en of hibernate] WARN  ate.util.xpl.DTDEntityResolver  - recognized obsolete hibernate namespace http://hibernate.sourceforge.net/. Use namespace http://www.hibernate.org/dtd/ instead. Refer to Hibernate 3.6 Migration Guide!
2020-03-04 17:45:15,404 2186942 [en of hibernate] WARN  ate.util.xpl.DTDEntityResolver  - recognized obsolete hibernate namespace http://hibernate.sourceforge.net/. Use namespace http://www.hibernate.org/dtd/ instead. Refer to Hibernate 3.6 Migration Guide!
2020-03-04 17:45:15,423 2186961 [en of hibernate] WARN  ate.util.xpl.DTDEntityResolver  - recognized obsolete hibernate namespace http://hibernate.sourceforge.net/. Use namespace http://www.hibernate.org/dtd/ instead. Refer to Hibernate 3.6 Migration Guide!
2020-03-04 17:45:15,434 2186972 [en of hibernate] WARN  ate.util.xpl.DTDEntityResolver  - recognized obsolete hibernate namespace http://hibernate.sourceforge.net/. Use namespace http://www.hibernate.org/dtd/ instead. Refer to Hibernate 3.6 Migration Guide!
2020-03-04 17:45:15,439 2186977 [en of hibernate] WARN  ate.util.xpl.DTDEntityResolver  - recognized obsolete hibernate namespace http://hibernate.sourceforge.net/. Use namespace http://www.hibernate.org/dtd/ instead. Refer to Hibernate 3.6 Migration Guide!
2020-03-04 17:45:15,455 2186993 [en of hibernate] WARN  ate.util.xpl.DTDEntityResolver  - recognized obsolete hibernate namespace http://hibernate.sourceforge.net/. Use namespace http://www.hibernate.org/dtd/ instead. Refer to Hibernate 3.6 Migration Guide!
2020-03-04 17:45:15,473 2187011 [en of hibernate] WARN  ate.util.xpl.DTDEntityResolver  - recognized obsolete hibernate namespace http://hibernate.sourceforge.net/. Use namespace http://www.hibernate.org/dtd/ instead. Refer to Hibernate 3.6 Migration Guide!
2020-03-04 17:45:15,504 2187042 [en of hibernate] WARN  ate.util.xpl.DTDEntityResolver  - recognized obsolete hibernate namespace http://hibernate.sourceforge.net/. Use namespace http://www.hibernate.org/dtd/ instead. Refer to Hibernate 3.6 Migration Guide!
2020-03-04 17:45:15,517 2187055 [en of hibernate] WARN  ate.util.xpl.DTDEntityResolver  - recognized obsolete hibernate namespace http://hibernate.sourceforge.net/. Use namespace http://www.hibernate.org/dtd/ instead. Refer to Hibernate 3.6 Migration Guide!
2020-03-04 17:45:15,533 2187071 [en of hibernate] WARN  ate.util.xpl.DTDEntityResolver  - recognized obsolete hibernate namespace http://hibernate.sourceforge.net/. Use namespace http://www.hibernate.org/dtd/ instead. Refer to Hibernate 3.6 Migration Guide!
2020-03-04 17:45:15,600 2187138 [en of hibernate] WARN  ate.util.xpl.DTDEntityResolver  - recognized obsolete hibernate namespace http://hibernate.sourceforge.net/. Use namespace http://www.hibernate.org/dtd/ instead. Refer to Hibernate 3.6 Migration Guide!
2020-03-04 17:45:15,621 2187159 [en of hibernate] WARN  ate.util.xpl.DTDEntityResolver  - recognized obsolete hibernate namespace http://hibernate.sourceforge.net/. Use namespace http://www.hibernate.org/dtd/ instead. Refer to Hibernate 3.6 Migration Guide!
2020-03-04 17:45:15,653 2187191 [en of hibernate] WARN  ate.util.xpl.DTDEntityResolver  - recognized obsolete hibernate namespace http://hibernate.sourceforge.net/. Use namespace http://www.hibernate.org/dtd/ instead. Refer to Hibernate 3.6 Migration Guide!
2020-03-04 17:45:16,029 2187567 [en of hibernate] WARN  ate.util.xpl.DTDEntityResolver  - recognized obsolete hibernate namespace http://hibernate.sourceforge.net/. Use namespace http://www.hibernate.org/dtd/ instead. Refer to Hibernate 3.6 Migration Guide!
2020-03-04 17:45:16,262 2187800 [en of hibernate] WARN  ate.util.xpl.DTDEntityResolver  - recognized obsolete hibernate namespace http://hibernate.sourceforge.net/. Use namespace http://www.hibernate.org/dtd/ instead. Refer to Hibernate 3.6 Migration Guide!
2020-03-04 17:45:16,293 2187831 [en of hibernate] WARN  ate.util.xpl.DTDEntityResolver  - recognized obsolete hibernate namespace http://hibernate.sourceforge.net/. Use namespace http://www.hibernate.org/dtd/ instead. Refer to Hibernate 3.6 Migration Guide!
2020-03-04 17:45:16,320 2187858 [en of hibernate] WARN  ate.util.xpl.DTDEntityResolver  - recognized obsolete hibernate namespace http://hibernate.sourceforge.net/. Use namespace http://www.hibernate.org/dtd/ instead. Refer to Hibernate 3.6 Migration Guide!
2020-03-04 17:45:16,354 2187892 [en of hibernate] WARN  ate.util.xpl.DTDEntityResolver  - recognized obsolete hibernate namespace http://hibernate.sourceforge.net/. Use namespace http://www.hibernate.org/dtd/ instead. Refer to Hibernate 3.6 Migration Guide!
2020-03-04 17:45:16,369 2187907 [en of hibernate] WARN  ate.util.xpl.DTDEntityResolver  - recognized obsolete hibernate namespace http://hibernate.sourceforge.net/. Use namespace http://www.hibernate.org/dtd/ instead. Refer to Hibernate 3.6 Migration Guide!
2020-03-04 17:45:16,389 2187927 [en of hibernate] WARN  ate.util.xpl.DTDEntityResolver  - recognized obsolete hibernate namespace http://hibernate.sourceforge.net/. Use namespace http://www.hibernate.org/dtd/ instead. Refer to Hibernate 3.6 Migration Guide!
2020-03-04 17:45:16,409 2187947 [en of hibernate] WARN  ate.util.xpl.DTDEntityResolver  - recognized obsolete hibernate namespace http://hibernate.sourceforge.net/. Use namespace http://www.hibernate.org/dtd/ instead. Refer to Hibernate 3.6 Migration Guide!
2020-03-04 17:45:16,424 2187962 [en of hibernate] WARN  ate.util.xpl.DTDEntityResolver  - recognized obsolete hibernate namespace http://hibernate.sourceforge.net/. Use namespace http://www.hibernate.org/dtd/ instead. Refer to Hibernate 3.6 Migration Guide!
2020-03-04 17:45:16,446 2187984 [en of hibernate] WARN  ate.util.xpl.DTDEntityResolver  - recognized obsolete hibernate namespace http://hibernate.sourceforge.net/. Use namespace http://www.hibernate.org/dtd/ instead. Refer to Hibernate 3.6 Migration Guide!
2020-03-04 17:45:16,475 2188013 [en of hibernate] WARN  ate.util.xpl.DTDEntityResolver  - recognized obsolete hibernate namespace http://hibernate.sourceforge.net/. Use namespace http://www.hibernate.org/dtd/ instead. Refer to Hibernate 3.6 Migration Guide!
2020-03-04 17:45:16,490 2188028 [en of hibernate] WARN  ate.util.xpl.DTDEntityResolver  - recognized obsolete hibernate namespace http://hibernate.sourceforge.net/. Use namespace http://www.hibernate.org/dtd/ instead. Refer to Hibernate 3.6 Migration Guide!
2020-03-04 17:45:16,504 2188042 [en of hibernate] WARN  ate.util.xpl.DTDEntityResolver  - recognized obsolete hibernate namespace http://hibernate.sourceforge.net/. Use namespace http://www.hibernate.org/dtd/ instead. Refer to Hibernate 3.6 Migration Guide!
2020-03-04 18:10:42,980 3714518 [en of hibernate] WARN  ate.util.xpl.DTDEntityResolver  - recognized obsolete hibernate namespace http://hibernate.sourceforge.net/. Use namespace http://www.hibernate.org/dtd/ instead. Refer to Hibernate 3.6 Migration Guide!
2020-03-04 18:10:43,056 3714594 [en of hibernate] WARN  ate.util.xpl.DTDEntityResolver  - recognized obsolete hibernate namespace http://hibernate.sourceforge.net/. Use namespace http://www.hibernate.org/dtd/ instead. Refer to Hibernate 3.6 Migration Guide!
2020-03-04 18:10:43,087 3714625 [en of hibernate] WARN  ate.util.xpl.DTDEntityResolver  - recognized obsolete hibernate namespace http://hibernate.sourceforge.net/. Use namespace http://www.hibernate.org/dtd/ instead. Refer to Hibernate 3.6 Migration Guide!
2020-03-04 18:10:43,130 3714668 [en of hibernate] WARN  ate.util.xpl.DTDEntityResolver  - recognized obsolete hibernate namespace http://hibernate.sourceforge.net/. Use namespace http://www.hibernate.org/dtd/ instead. Refer to Hibernate 3.6 Migration Guide!
2020-03-04 18:10:43,170 3714708 [en of hibernate] WARN  ate.util.xpl.DTDEntityResolver  - recognized obsolete hibernate namespace http://hibernate.sourceforge.net/. Use namespace http://www.hibernate.org/dtd/ instead. Refer to Hibernate 3.6 Migration Guide!
2020-03-04 18:10:43,187 3714725 [en of hibernate] WARN  ate.util.xpl.DTDEntityResolver  - recognized obsolete hibernate namespace http://hibernate.sourceforge.net/. Use namespace http://www.hibernate.org/dtd/ instead. Refer to Hibernate 3.6 Migration Guide!
2020-03-04 18:10:43,203 3714741 [en of hibernate] WARN  ate.util.xpl.DTDEntityResolver  - recognized obsolete hibernate namespace http://hibernate.sourceforge.net/. Use namespace http://www.hibernate.org/dtd/ instead. Refer to Hibernate 3.6 Migration Guide!
2020-03-04 18:10:43,217 3714755 [en of hibernate] WARN  ate.util.xpl.DTDEntityResolver  - recognized obsolete hibernate namespace http://hibernate.sourceforge.net/. Use namespace http://www.hibernate.org/dtd/ instead. Refer to Hibernate 3.6 Migration Guide!
2020-03-04 18:10:43,235 3714773 [en of hibernate] WARN  ate.util.xpl.DTDEntityResolver  - recognized obsolete hibernate namespace http://hibernate.sourceforge.net/. Use namespace http://www.hibernate.org/dtd/ instead. Refer to Hibernate 3.6 Migration Guide!
2020-03-04 18:10:43,247 3714785 [en of hibernate] WARN  ate.util.xpl.DTDEntityResolver  - recognized obsolete hibernate namespace http://hibernate.sourceforge.net/. Use namespace http://www.hibernate.org/dtd/ instead. Refer to Hibernate 3.6 Migration Guide!
2020-03-04 18:10:43,257 3714795 [en of hibernate] WARN  ate.util.xpl.DTDEntityResolver  - recognized obsolete hibernate namespace http://hibernate.sourceforge.net/. Use namespace http://www.hibernate.org/dtd/ instead. Refer to Hibernate 3.6 Migration Guide!
2020-03-04 18:10:43,269 3714807 [en of hibernate] WARN  ate.util.xpl.DTDEntityResolver  - recognized obsolete hibernate namespace http://hibernate.sourceforge.net/. Use namespace http://www.hibernate.org/dtd/ instead. Refer to Hibernate 3.6 Migration Guide!
2020-03-04 18:10:43,282 3714820 [en of hibernate] WARN  ate.util.xpl.DTDEntityResolver  - recognized obsolete hibernate namespace http://hibernate.sourceforge.net/. Use namespace http://www.hibernate.org/dtd/ instead. Refer to Hibernate 3.6 Migration Guide!
2020-03-04 18:10:43,295 3714833 [en of hibernate] WARN  ate.util.xpl.DTDEntityResolver  - recognized obsolete hibernate namespace http://hibernate.sourceforge.net/. Use namespace http://www.hibernate.org/dtd/ instead. Refer to Hibernate 3.6 Migration Guide!
2020-03-04 18:10:43,306 3714844 [en of hibernate] WARN  ate.util.xpl.DTDEntityResolver  - recognized obsolete hibernate namespace http://hibernate.sourceforge.net/. Use namespace http://www.hibernate.org/dtd/ instead. Refer to Hibernate 3.6 Migration Guide!
2020-03-04 18:10:43,661 3715199 [en of hibernate] WARN  ate.util.xpl.DTDEntityResolver  - recognized obsolete hibernate namespace http://hibernate.sourceforge.net/. Use namespace http://www.hibernate.org/dtd/ instead. Refer to Hibernate 3.6 Migration Guide!
2020-03-04 18:10:43,733 3715271 [en of hibernate] WARN  ate.util.xpl.DTDEntityResolver  - recognized obsolete hibernate namespace http://hibernate.sourceforge.net/. Use namespace http://www.hibernate.org/dtd/ instead. Refer to Hibernate 3.6 Migration Guide!
2020-03-04 18:10:43,778 3715316 [en of hibernate] WARN  ate.util.xpl.DTDEntityResolver  - recognized obsolete hibernate namespace http://hibernate.sourceforge.net/. Use namespace http://www.hibernate.org/dtd/ instead. Refer to Hibernate 3.6 Migration Guide!
2020-03-04 18:10:43,811 3715349 [en of hibernate] WARN  ate.util.xpl.DTDEntityResolver  - recognized obsolete hibernate namespace http://hibernate.sourceforge.net/. Use namespace http://www.hibernate.org/dtd/ instead. Refer to Hibernate 3.6 Migration Guide!
2020-03-04 18:10:43,840 3715378 [en of hibernate] WARN  ate.util.xpl.DTDEntityResolver  - recognized obsolete hibernate namespace http://hibernate.sourceforge.net/. Use namespace http://www.hibernate.org/dtd/ instead. Refer to Hibernate 3.6 Migration Guide!
2020-03-04 18:10:43,858 3715396 [en of hibernate] WARN  ate.util.xpl.DTDEntityResolver  - recognized obsolete hibernate namespace http://hibernate.sourceforge.net/. Use namespace http://www.hibernate.org/dtd/ instead. Refer to Hibernate 3.6 Migration Guide!
2020-03-04 18:10:43,874 3715412 [en of hibernate] WARN  ate.util.xpl.DTDEntityResolver  - recognized obsolete hibernate namespace http://hibernate.sourceforge.net/. Use namespace http://www.hibernate.org/dtd/ instead. Refer to Hibernate 3.6 Migration Guide!
2020-03-04 18:10:43,889 3715427 [en of hibernate] WARN  ate.util.xpl.DTDEntityResolver  - recognized obsolete hibernate namespace http://hibernate.sourceforge.net/. Use namespace http://www.hibernate.org/dtd/ instead. Refer to Hibernate 3.6 Migration Guide!
2020-03-04 18:10:43,907 3715445 [en of hibernate] WARN  ate.util.xpl.DTDEntityResolver  - recognized obsolete hibernate namespace http://hibernate.sourceforge.net/. Use namespace http://www.hibernate.org/dtd/ instead. Refer to Hibernate 3.6 Migration Guide!
2020-03-04 18:10:43,922 3715460 [en of hibernate] WARN  ate.util.xpl.DTDEntityResolver  - recognized obsolete hibernate namespace http://hibernate.sourceforge.net/. Use namespace http://www.hibernate.org/dtd/ instead. Refer to Hibernate 3.6 Migration Guide!
2020-03-04 18:10:43,936 3715474 [en of hibernate] WARN  ate.util.xpl.DTDEntityResolver  - recognized obsolete hibernate namespace http://hibernate.sourceforge.net/. Use namespace http://www.hibernate.org/dtd/ instead. Refer to Hibernate 3.6 Migration Guide!
2020-03-04 18:10:43,958 3715496 [en of hibernate] WARN  ate.util.xpl.DTDEntityResolver  - recognized obsolete hibernate namespace http://hibernate.sourceforge.net/. Use namespace http://www.hibernate.org/dtd/ instead. Refer to Hibernate 3.6 Migration Guide!
2020-03-04 18:10:44,024 3715562 [en of hibernate] WARN  ate.util.xpl.DTDEntityResolver  - recognized obsolete hibernate namespace http://hibernate.sourceforge.net/. Use namespace http://www.hibernate.org/dtd/ instead. Refer to Hibernate 3.6 Migration Guide!
2020-03-04 18:10:44,062 3715600 [en of hibernate] WARN  ate.util.xpl.DTDEntityResolver  - recognized obsolete hibernate namespace http://hibernate.sourceforge.net/. Use namespace http://www.hibernate.org/dtd/ instead. Refer to Hibernate 3.6 Migration Guide!
2020-03-04 18:10:44,077 3715615 [en of hibernate] WARN  ate.util.xpl.DTDEntityResolver  - recognized obsolete hibernate namespace http://hibernate.sourceforge.net/. Use namespace http://www.hibernate.org/dtd/ instead. Refer to Hibernate 3.6 Migration Guide!
2020-03-04 18:22:38,723 4430261 [en of hibernate] WARN  ate.util.xpl.DTDEntityResolver  - recognized obsolete hibernate namespace http://hibernate.sourceforge.net/. Use namespace http://www.hibernate.org/dtd/ instead. Refer to Hibernate 3.6 Migration Guide!
2020-03-04 18:22:38,783 4430321 [en of hibernate] WARN  ate.util.xpl.DTDEntityResolver  - recognized obsolete hibernate namespace http://hibernate.sourceforge.net/. Use namespace http://www.hibernate.org/dtd/ instead. Refer to Hibernate 3.6 Migration Guide!
2020-03-04 18:22:38,834 4430372 [en of hibernate] WARN  ate.util.xpl.DTDEntityResolver  - recognized obsolete hibernate namespace http://hibernate.sourceforge.net/. Use namespace http://www.hibernate.org/dtd/ instead. Refer to Hibernate 3.6 Migration Guide!
2020-03-04 18:22:38,874 4430412 [en of hibernate] WARN  ate.util.xpl.DTDEntityResolver  - recognized obsolete hibernate namespace http://hibernate.sourceforge.net/. Use namespace http://www.hibernate.org/dtd/ instead. Refer to Hibernate 3.6 Migration Guide!
2020-03-04 18:22:38,898 4430436 [en of hibernate] WARN  ate.util.xpl.DTDEntityResolver  - recognized obsolete hibernate namespace http://hibernate.sourceforge.net/. Use namespace http://www.hibernate.org/dtd/ instead. Refer to Hibernate 3.6 Migration Guide!
2020-03-04 18:22:38,918 4430456 [en of hibernate] WARN  ate.util.xpl.DTDEntityResolver  - recognized obsolete hibernate namespace http://hibernate.sourceforge.net/. Use namespace http://www.hibernate.org/dtd/ instead. Refer to Hibernate 3.6 Migration Guide!
2020-03-04 18:22:38,930 4430468 [en of hibernate] WARN  ate.util.xpl.DTDEntityResolver  - recognized obsolete hibernate namespace http://hibernate.sourceforge.net/. Use namespace http://www.hibernate.org/dtd/ instead. Refer to Hibernate 3.6 Migration Guide!
2020-03-04 18:22:38,949 4430487 [en of hibernate] WARN  ate.util.xpl.DTDEntityResolver  - recognized obsolete hibernate namespace http://hibernate.sourceforge.net/. Use namespace http://www.hibernate.org/dtd/ instead. Refer to Hibernate 3.6 Migration Guide!
2020-03-04 18:22:38,968 4430506 [en of hibernate] WARN  ate.util.xpl.DTDEntityResolver  - recognized obsolete hibernate namespace http://hibernate.sourceforge.net/. Use namespace http://www.hibernate.org/dtd/ instead. Refer to Hibernate 3.6 Migration Guide!
2020-03-04 18:22:38,989 4430527 [en of hibernate] WARN  ate.util.xpl.DTDEntityResolver  - recognized obsolete hibernate namespace http://hibernate.sourceforge.net/. Use namespace http://www.hibernate.org/dtd/ instead. Refer to Hibernate 3.6 Migration Guide!
2020-03-04 18:22:39,001 4430539 [en of hibernate] WARN  ate.util.xpl.DTDEntityResolver  - recognized obsolete hibernate namespace http://hibernate.sourceforge.net/. Use namespace http://www.hibernate.org/dtd/ instead. Refer to Hibernate 3.6 Migration Guide!
2020-03-04 18:22:39,014 4430552 [en of hibernate] WARN  ate.util.xpl.DTDEntityResolver  - recognized obsolete hibernate namespace http://hibernate.sourceforge.net/. Use namespace http://www.hibernate.org/dtd/ instead. Refer to Hibernate 3.6 Migration Guide!
2020-03-04 18:22:39,024 4430562 [en of hibernate] WARN  ate.util.xpl.DTDEntityResolver  - recognized obsolete hibernate namespace http://hibernate.sourceforge.net/. Use namespace http://www.hibernate.org/dtd/ instead. Refer to Hibernate 3.6 Migration Guide!
2020-03-04 18:22:39,033 4430571 [en of hibernate] WARN  ate.util.xpl.DTDEntityResolver  - recognized obsolete hibernate namespace http://hibernate.sourceforge.net/. Use namespace http://www.hibernate.org/dtd/ instead. Refer to Hibernate 3.6 Migration Guide!
2020-03-04 18:22:39,043 4430581 [en of hibernate] WARN  ate.util.xpl.DTDEntityResolver  - recognized obsolete hibernate namespace http://hibernate.sourceforge.net/. Use namespace http://www.hibernate.org/dtd/ instead. Refer to Hibernate 3.6 Migration Guide!
2020-03-04 18:22:39,407 4430945 [en of hibernate] WARN  ate.util.xpl.DTDEntityResolver  - recognized obsolete hibernate namespace http://hibernate.sourceforge.net/. Use namespace http://www.hibernate.org/dtd/ instead. Refer to Hibernate 3.6 Migration Guide!
2020-03-04 18:22:39,454 4430992 [en of hibernate] WARN  ate.util.xpl.DTDEntityResolver  - recognized obsolete hibernate namespace http://hibernate.sourceforge.net/. Use namespace http://www.hibernate.org/dtd/ instead. Refer to Hibernate 3.6 Migration Guide!
2020-03-04 18:22:39,483 4431021 [en of hibernate] WARN  ate.util.xpl.DTDEntityResolver  - recognized obsolete hibernate namespace http://hibernate.sourceforge.net/. Use namespace http://www.hibernate.org/dtd/ instead. Refer to Hibernate 3.6 Migration Guide!
2020-03-04 18:22:39,512 4431050 [en of hibernate] WARN  ate.util.xpl.DTDEntityResolver  - recognized obsolete hibernate namespace http://hibernate.sourceforge.net/. Use namespace http://www.hibernate.org/dtd/ instead. Refer to Hibernate 3.6 Migration Guide!
2020-03-04 18:22:39,533 4431071 [en of hibernate] WARN  ate.util.xpl.DTDEntityResolver  - recognized obsolete hibernate namespace http://hibernate.sourceforge.net/. Use namespace http://www.hibernate.org/dtd/ instead. Refer to Hibernate 3.6 Migration Guide!
2020-03-04 18:22:39,549 4431087 [en of hibernate] WARN  ate.util.xpl.DTDEntityResolver  - recognized obsolete hibernate namespace http://hibernate.sourceforge.net/. Use namespace http://www.hibernate.org/dtd/ instead. Refer to Hibernate 3.6 Migration Guide!
2020-03-04 18:22:39,568 4431106 [en of hibernate] WARN  ate.util.xpl.DTDEntityResolver  - recognized obsolete hibernate namespace http://hibernate.sourceforge.net/. Use namespace http://www.hibernate.org/dtd/ instead. Refer to Hibernate 3.6 Migration Guide!
2020-03-04 18:22:39,583 4431121 [en of hibernate] WARN  ate.util.xpl.DTDEntityResolver  - recognized obsolete hibernate namespace http://hibernate.sourceforge.net/. Use namespace http://www.hibernate.org/dtd/ instead. Refer to Hibernate 3.6 Migration Guide!
2020-03-04 18:22:39,608 4431146 [en of hibernate] WARN  ate.util.xpl.DTDEntityResolver  - recognized obsolete hibernate namespace http://hibernate.sourceforge.net/. Use namespace http://www.hibernate.org/dtd/ instead. Refer to Hibernate 3.6 Migration Guide!
2020-03-04 18:22:39,628 4431166 [en of hibernate] WARN  ate.util.xpl.DTDEntityResolver  - recognized obsolete hibernate namespace http://hibernate.sourceforge.net/. Use namespace http://www.hibernate.org/dtd/ instead. Refer to Hibernate 3.6 Migration Guide!
2020-03-04 18:22:39,641 4431179 [en of hibernate] WARN  ate.util.xpl.DTDEntityResolver  - recognized obsolete hibernate namespace http://hibernate.sourceforge.net/. Use namespace http://www.hibernate.org/dtd/ instead. Refer to Hibernate 3.6 Migration Guide!
2020-03-04 18:22:39,656 4431194 [en of hibernate] WARN  ate.util.xpl.DTDEntityResolver  - recognized obsolete hibernate namespace http://hibernate.sourceforge.net/. Use namespace http://www.hibernate.org/dtd/ instead. Refer to Hibernate 3.6 Migration Guide!
2020-03-04 18:22:39,669 4431207 [en of hibernate] WARN  ate.util.xpl.DTDEntityResolver  - recognized obsolete hibernate namespace http://hibernate.sourceforge.net/. Use namespace http://www.hibernate.org/dtd/ instead. Refer to Hibernate 3.6 Migration Guide!
2020-03-04 18:22:39,689 4431227 [en of hibernate] WARN  ate.util.xpl.DTDEntityResolver  - recognized obsolete hibernate namespace http://hibernate.sourceforge.net/. Use namespace http://www.hibernate.org/dtd/ instead. Refer to Hibernate 3.6 Migration Guide!
2020-03-04 18:22:39,703 4431241 [en of hibernate] WARN  ate.util.xpl.DTDEntityResolver  - recognized obsolete hibernate namespace http://hibernate.sourceforge.net/. Use namespace http://www.hibernate.org/dtd/ instead. Refer to Hibernate 3.6 Migration Guide!
